INFO - 2023-07-01 00:36:39 --> Session: Class initialized using 'CodeIgniter\Session\Handlers\FileHandler' driver.
INFO - 2023-07-01 00:37:53 --> Session: Class initialized using 'CodeIgniter\Session\Handlers\FileHandler' driver.
INFO - 2023-07-01 00:38:15 --> Session: Class initialized using 'CodeIgniter\Session\Handlers\FileHandler' driver.
INFO - 2023-07-01 00:43:45 --> Session: Class initialized using 'CodeIgniter\Session\Handlers\FileHandler' driver.
INFO - 2023-07-01 00:43:46 --> Session: Class initialized using 'CodeIgniter\Session\Handlers\FileHandler' driver.
INFO - 2023-07-01 00:47:11 --> Session: Class initialized using 'CodeIgniter\Session\Handlers\FileHandler' driver.
INFO - 2023-07-01 00:48:22 --> Session: Class initialized using 'CodeIgniter\Session\Handlers\FileHandler' driver.
INFO - 2023-07-01 00:48:39 --> Session: Class initialized using 'CodeIgniter\Session\Handlers\FileHandler' driver.
INFO - 2023-07-01 00:50:24 --> Session: Class initialized using 'CodeIgniter\Session\Handlers\FileHandler' driver.
INFO - 2023-07-01 00:51:51 --> Session: Class initialized using 'CodeIgniter\Session\Handlers\FileHandler' driver.
INFO - 2023-07-01 00:51:52 --> Session: Class initialized using 'CodeIgniter\Session\Handlers\FileHandler' driver.
INFO - 2023-07-01 00:56:23 --> Session: Class initialized using 'CodeIgniter\Session\Handlers\FileHandler' driver.
INFO - 2023-07-01 00:57:04 --> Session: Class initialized using 'CodeIgniter\Session\Handlers\FileHandler' driver.
INFO - 2023-07-01 00:58:01 --> Session: Class initialized using 'CodeIgniter\Session\Handlers\FileHandler' driver.
INFO - 2023-07-01 00:58:11 --> Session: Class initialized using 'CodeIgniter\Session\Handlers\FileHandler' driver.
INFO - 2023-07-01 00:58:21 --> Session: Class initialized using 'CodeIgniter\Session\Handlers\FileHandler' driver.
INFO - 2023-07-01 00:58:26 --> Session: Class initialized using 'CodeIgniter\Session\Handlers\FileHandler' driver.
INFO - 2023-07-01 00:58:26 --> Session: Class initialized using 'CodeIgniter\Session\Handlers\FileHandler' driver.
INFO - 2023-07-01 00:58:31 --> Session: Class initialized using 'CodeIgniter\Session\Handlers\FileHandler' driver.
INFO - 2023-07-01 00:58:53 --> Session: Class initialized using 'CodeIgniter\Session\Handlers\FileHandler' driver.
INFO - 2023-07-01 00:58:57 --> Session: Class initialized using 'CodeIgniter\Session\Handlers\FileHandler' driver.
INFO - 2023-07-01 00:59:09 --> Session: Class initialized using 'CodeIgniter\Session\Handlers\FileHandler' driver.
INFO - 2023-07-01 01:01:30 --> Session: Class initialized using 'CodeIgniter\Session\Handlers\FileHandler' driver.
INFO - 2023-07-01 01:10:27 --> Session: Class initialized using 'CodeIgniter\Session\Handlers\FileHandler' driver.
INFO - 2023-07-01 01:10:53 --> Session: Class initialized using 'CodeIgniter\Session\Handlers\FileHandler' driver.
INFO - 2023-07-01 01:11:13 --> Session: Class initialized using 'CodeIgniter\Session\Handlers\FileHandler' driver.
INFO - 2023-07-01 01:11:16 --> Session: Class initialized using 'CodeIgniter\Session\Handlers\FileHandler' driver.
INFO - 2023-07-01 01:11:32 --> Session: Class initialized using 'CodeIgniter\Session\Handlers\FileHandler' driver.
INFO - 2023-07-01 01:12:47 --> Session: Class initialized using 'CodeIgniter\Session\Handlers\FileHandler' driver.
INFO - 2023-07-01 01:13:17 --> Session: Class initialized using 'CodeIgniter\Session\Handlers\FileHandler' driver.
INFO - 2023-07-01 01:13:24 --> Session: Class initialized using 'CodeIgniter\Session\Handlers\FileHandler' driver.
INFO - 2023-07-01 01:13:35 --> Session: Class initialized using 'CodeIgniter\Session\Handlers\FileHandler' driver.
INFO - 2023-07-01 01:13:46 --> Session: Class initialized using 'CodeIgniter\Session\Handlers\FileHandler' driver.
INFO - 2023-07-01 01:13:56 --> Session: Class initialized using 'CodeIgniter\Session\Handlers\FileHandler' driver.
INFO - 2023-07-01 01:14:12 --> Session: Class initialized using 'CodeIgniter\Session\Handlers\FileHandler' driver.
INFO - 2023-07-01 01:14:40 --> Session: Class initialized using 'CodeIgniter\Session\Handlers\FileHandler' driver.
INFO - 2023-07-01 01:14:47 --> Session: Class initialized using 'CodeIgniter\Session\Handlers\FileHandler' driver.
INFO - 2023-07-01 01:15:00 --> Session: Class initialized using 'CodeIgniter\Session\Handlers\FileHandler' driver.
INFO - 2023-07-01 01:15:07 --> Session: Class initialized using 'CodeIgniter\Session\Handlers\FileHandler' driver.
INFO - 2023-07-01 01:15:12 --> Session: Class initialized using 'CodeIgniter\Session\Handlers\FileHandler' driver.
INFO - 2023-07-01 01:43:49 --> Session: Class initialized using 'CodeIgniter\Session\Handlers\FileHandler' driver.
INFO - 2023-07-01 01:44:28 --> Session: Class initialized using 'CodeIgniter\Session\Handlers\FileHandler' driver.
INFO - 2023-07-01 01:45:44 --> Session: Class initialized using 'CodeIgniter\Session\Handlers\FileHandler' driver.
INFO - 2023-07-01 01:47:09 --> Session: Class initialized using 'CodeIgniter\Session\Handlers\FileHandler' driver.
INFO - 2023-07-01 01:47:39 --> Session: Class initialized using 'CodeIgniter\Session\Handlers\FileHandler' driver.
INFO - 2023-07-01 01:47:55 --> Session: Class initialized using 'CodeIgniter\Session\Handlers\FileHandler' driver.
INFO - 2023-07-01 01:48:13 --> Session: Class initialized using 'CodeIgniter\Session\Handlers\FileHandler' driver.
INFO - 2023-07-01 01:48:19 --> Session: Class initialized using 'CodeIgniter\Session\Handlers\FileHandler' driver.
INFO - 2023-07-01 01:51:46 --> Session: Class initialized using 'CodeIgniter\Session\Handlers\FileHandler' driver.
ERROR - 2023-07-01 05:09:32 --> Error connecting to the database: mysqli_sql_exception: No connection could be made because the target machine actively refused it in C:\Users\ASUS\Documents\KULIAH\SEMESTER 4\pwl\code\fp\system\Database\MySQLi\Connection.php:174
Stack trace:
#0 C:\Users\ASUS\Documents\KULIAH\SEMESTER 4\pwl\code\fp\system\Database\MySQLi\Connection.php(174): mysqli->real_connect('localhost', 'root', '', 'fp_pwl', 3306, '', 0)
#1 C:\Users\ASUS\Documents\KULIAH\SEMESTER 4\pwl\code\fp\system\Database\BaseConnection.php(391): CodeIgniter\Database\MySQLi\Connection->connect(false)
#2 C:\Users\ASUS\Documents\KULIAH\SEMESTER 4\pwl\code\fp\system\Database\BaseConnection.php(574): CodeIgniter\Database\BaseConnection->initialize()
#3 C:\Users\ASUS\Documents\KULIAH\SEMESTER 4\pwl\code\fp\system\Database\BaseBuilder.php(1616): CodeIgniter\Database\BaseConnection->query('SELECT *\nFROM `...', Array, false)
#4 C:\Users\ASUS\Documents\KULIAH\SEMESTER 4\pwl\code\fp\system\Model.php(241): CodeIgniter\Database\BaseBuilder->get()
#5 C:\Users\ASUS\Documents\KULIAH\SEMESTER 4\pwl\code\fp\system\BaseModel.php(618): CodeIgniter\Model->doFindAll(0, 0)
#6 C:\Users\ASUS\Documents\KULIAH\SEMESTER 4\pwl\code\fp\app\Models\RoomModel.php(15): CodeIgniter\BaseModel->findAll()
#7 C:\Users\ASUS\Documents\KULIAH\SEMESTER 4\pwl\code\fp\app\Controllers\RoomController.php(13): App\Models\RoomModel->getRooms()
#8 C:\Users\ASUS\Documents\KULIAH\SEMESTER 4\pwl\code\fp\system\CodeIgniter.php(932): App\Controllers\RoomController->index()
#9 C:\Users\ASUS\Documents\KULIAH\SEMESTER 4\pwl\code\fp\system\CodeIgniter.php(497): CodeIgniter\CodeIgniter->runController(Object(App\Controllers\RoomController))
#10 C:\Users\ASUS\Documents\KULIAH\SEMESTER 4\pwl\code\fp\system\CodeIgniter.php(366): CodeIgniter\CodeIgniter->handleRequest(NULL, Object(Config\Cache), false)
#11 C:\Users\ASUS\Documents\KULIAH\SEMESTER 4\pwl\code\fp\public\index.php(67): CodeIgniter\CodeIgniter->run()
#12 C:\Users\ASUS\Documents\KULIAH\SEMESTER 4\pwl\code\fp\system\Commands\Server\rewrite.php(47): require_once('C:\\Users\\ASUS\\D...')
#13 {main}

Next CodeIgniter\Database\Exceptions\DatabaseException: No connection could be made because the target machine actively refused it in C:\Users\ASUS\Documents\KULIAH\SEMESTER 4\pwl\code\fp\system\Database\MySQLi\Connection.php:218
Stack trace:
#0 C:\Users\ASUS\Documents\KULIAH\SEMESTER 4\pwl\code\fp\system\Database\BaseConnection.php(391): CodeIgniter\Database\MySQLi\Connection->connect(false)
#1 C:\Users\ASUS\Documents\KULIAH\SEMESTER 4\pwl\code\fp\system\Database\BaseConnection.php(574): CodeIgniter\Database\BaseConnection->initialize()
#2 C:\Users\ASUS\Documents\KULIAH\SEMESTER 4\pwl\code\fp\system\Database\BaseBuilder.php(1616): CodeIgniter\Database\BaseConnection->query('SELECT *\nFROM `...', Array, false)
#3 C:\Users\ASUS\Documents\KULIAH\SEMESTER 4\pwl\code\fp\system\Model.php(241): CodeIgniter\Database\BaseBuilder->get()
#4 C:\Users\ASUS\Documents\KULIAH\SEMESTER 4\pwl\code\fp\system\BaseModel.php(618): CodeIgniter\Model->doFindAll(0, 0)
#5 C:\Users\ASUS\Documents\KULIAH\SEMESTER 4\pwl\code\fp\app\Models\RoomModel.php(15): CodeIgniter\BaseModel->findAll()
#6 C:\Users\ASUS\Documents\KULIAH\SEMESTER 4\pwl\code\fp\app\Controllers\RoomController.php(13): App\Models\RoomModel->getRooms()
#7 C:\Users\ASUS\Documents\KULIAH\SEMESTER 4\pwl\code\fp\system\CodeIgniter.php(932): App\Controllers\RoomController->index()
#8 C:\Users\ASUS\Documents\KULIAH\SEMESTER 4\pwl\code\fp\system\CodeIgniter.php(497): CodeIgniter\CodeIgniter->runController(Object(App\Controllers\RoomController))
#9 C:\Users\ASUS\Documents\KULIAH\SEMESTER 4\pwl\code\fp\system\CodeIgniter.php(366): CodeIgniter\CodeIgniter->handleRequest(NULL, Object(Config\Cache), false)
#10 C:\Users\ASUS\Documents\KULIAH\SEMESTER 4\pwl\code\fp\public\index.php(67): CodeIgniter\CodeIgniter->run()
#11 C:\Users\ASUS\Documents\KULIAH\SEMESTER 4\pwl\code\fp\system\Commands\Server\rewrite.php(47): require_once('C:\\Users\\ASUS\\D...')
#12 {main}
CRITICAL - 2023-07-01 05:09:32 --> Unable to connect to the database.
Main connection [MySQLi]: No connection could be made because the target machine actively refused it
in SYSTEMPATH\Database\BaseConnection.php on line 427.
 1 SYSTEMPATH\Database\BaseConnection.php(574): CodeIgniter\Database\BaseConnection->initialize()
 2 SYSTEMPATH\Database\BaseBuilder.php(1616): CodeIgniter\Database\BaseConnection->query('SELECT *
FROM `rooms`', [], false)
 3 SYSTEMPATH\Model.php(241): CodeIgniter\Database\BaseBuilder->get()
 4 SYSTEMPATH\BaseModel.php(618): CodeIgniter\Model->doFindAll(0, 0)
 5 APPPATH\Models\RoomModel.php(15): CodeIgniter\BaseModel->findAll()
 6 APPPATH\Controllers\RoomController.php(13): App\Models\RoomModel->getRooms()
 7 SYSTEMPATH\CodeIgniter.php(932): App\Controllers\RoomController->index()
 8 SYSTEMPATH\CodeIgniter.php(497): CodeIgniter\CodeIgniter->runController(Object(App\Controllers\RoomController))
 9 SYSTEMPATH\CodeIgniter.php(366): CodeIgniter\CodeIgniter->handleRequest(null, Object(Config\Cache), false)
10 FCPATH\index.php(67): CodeIgniter\CodeIgniter->run()
11 SYSTEMPATH\Commands\Server\rewrite.php(47): require_once('C:\\Users\\ASUS\\Documents\\KULIAH\\SEMESTER 4\\pwl\\code\\fp\\public\\index.php')
ERROR - 2023-07-01 05:09:36 --> Error connecting to the database: mysqli_sql_exception: No connection could be made because the target machine actively refused it in C:\Users\ASUS\Documents\KULIAH\SEMESTER 4\pwl\code\fp\system\Database\MySQLi\Connection.php:174
Stack trace:
#0 C:\Users\ASUS\Documents\KULIAH\SEMESTER 4\pwl\code\fp\system\Database\MySQLi\Connection.php(174): mysqli->real_connect('localhost', 'root', '', 'fp_pwl', 3306, '', 0)
#1 C:\Users\ASUS\Documents\KULIAH\SEMESTER 4\pwl\code\fp\system\Database\BaseConnection.php(391): CodeIgniter\Database\MySQLi\Connection->connect(false)
#2 C:\Users\ASUS\Documents\KULIAH\SEMESTER 4\pwl\code\fp\system\Database\BaseConnection.php(574): CodeIgniter\Database\BaseConnection->initialize()
#3 C:\Users\ASUS\Documents\KULIAH\SEMESTER 4\pwl\code\fp\system\Database\BaseBuilder.php(1616): CodeIgniter\Database\BaseConnection->query('SELECT *\nFROM `...', Array, false)
#4 C:\Users\ASUS\Documents\KULIAH\SEMESTER 4\pwl\code\fp\system\Model.php(241): CodeIgniter\Database\BaseBuilder->get()
#5 C:\Users\ASUS\Documents\KULIAH\SEMESTER 4\pwl\code\fp\system\BaseModel.php(618): CodeIgniter\Model->doFindAll(0, 0)
#6 C:\Users\ASUS\Documents\KULIAH\SEMESTER 4\pwl\code\fp\app\Models\RoomModel.php(15): CodeIgniter\BaseModel->findAll()
#7 C:\Users\ASUS\Documents\KULIAH\SEMESTER 4\pwl\code\fp\app\Controllers\RoomController.php(13): App\Models\RoomModel->getRooms()
#8 C:\Users\ASUS\Documents\KULIAH\SEMESTER 4\pwl\code\fp\system\CodeIgniter.php(932): App\Controllers\RoomController->index()
#9 C:\Users\ASUS\Documents\KULIAH\SEMESTER 4\pwl\code\fp\system\CodeIgniter.php(497): CodeIgniter\CodeIgniter->runController(Object(App\Controllers\RoomController))
#10 C:\Users\ASUS\Documents\KULIAH\SEMESTER 4\pwl\code\fp\system\CodeIgniter.php(366): CodeIgniter\CodeIgniter->handleRequest(NULL, Object(Config\Cache), false)
#11 C:\Users\ASUS\Documents\KULIAH\SEMESTER 4\pwl\code\fp\public\index.php(67): CodeIgniter\CodeIgniter->run()
#12 C:\Users\ASUS\Documents\KULIAH\SEMESTER 4\pwl\code\fp\system\Commands\Server\rewrite.php(47): require_once('C:\\Users\\ASUS\\D...')
#13 {main}

Next CodeIgniter\Database\Exceptions\DatabaseException: No connection could be made because the target machine actively refused it in C:\Users\ASUS\Documents\KULIAH\SEMESTER 4\pwl\code\fp\system\Database\MySQLi\Connection.php:218
Stack trace:
#0 C:\Users\ASUS\Documents\KULIAH\SEMESTER 4\pwl\code\fp\system\Database\BaseConnection.php(391): CodeIgniter\Database\MySQLi\Connection->connect(false)
#1 C:\Users\ASUS\Documents\KULIAH\SEMESTER 4\pwl\code\fp\system\Database\BaseConnection.php(574): CodeIgniter\Database\BaseConnection->initialize()
#2 C:\Users\ASUS\Documents\KULIAH\SEMESTER 4\pwl\code\fp\system\Database\BaseBuilder.php(1616): CodeIgniter\Database\BaseConnection->query('SELECT *\nFROM `...', Array, false)
#3 C:\Users\ASUS\Documents\KULIAH\SEMESTER 4\pwl\code\fp\system\Model.php(241): CodeIgniter\Database\BaseBuilder->get()
#4 C:\Users\ASUS\Documents\KULIAH\SEMESTER 4\pwl\code\fp\system\BaseModel.php(618): CodeIgniter\Model->doFindAll(0, 0)
#5 C:\Users\ASUS\Documents\KULIAH\SEMESTER 4\pwl\code\fp\app\Models\RoomModel.php(15): CodeIgniter\BaseModel->findAll()
#6 C:\Users\ASUS\Documents\KULIAH\SEMESTER 4\pwl\code\fp\app\Controllers\RoomController.php(13): App\Models\RoomModel->getRooms()
#7 C:\Users\ASUS\Documents\KULIAH\SEMESTER 4\pwl\code\fp\system\CodeIgniter.php(932): App\Controllers\RoomController->index()
#8 C:\Users\ASUS\Documents\KULIAH\SEMESTER 4\pwl\code\fp\system\CodeIgniter.php(497): CodeIgniter\CodeIgniter->runController(Object(App\Controllers\RoomController))
#9 C:\Users\ASUS\Documents\KULIAH\SEMESTER 4\pwl\code\fp\system\CodeIgniter.php(366): CodeIgniter\CodeIgniter->handleRequest(NULL, Object(Config\Cache), false)
#10 C:\Users\ASUS\Documents\KULIAH\SEMESTER 4\pwl\code\fp\public\index.php(67): CodeIgniter\CodeIgniter->run()
#11 C:\Users\ASUS\Documents\KULIAH\SEMESTER 4\pwl\code\fp\system\Commands\Server\rewrite.php(47): require_once('C:\\Users\\ASUS\\D...')
#12 {main}
CRITICAL - 2023-07-01 05:09:36 --> Unable to connect to the database.
Main connection [MySQLi]: No connection could be made because the target machine actively refused it
in SYSTEMPATH\Database\BaseConnection.php on line 427.
 1 SYSTEMPATH\Database\BaseConnection.php(574): CodeIgniter\Database\BaseConnection->initialize()
 2 SYSTEMPATH\Database\BaseBuilder.php(1616): CodeIgniter\Database\BaseConnection->query('SELECT *
FROM `rooms`', [], false)
 3 SYSTEMPATH\Model.php(241): CodeIgniter\Database\BaseBuilder->get()
 4 SYSTEMPATH\BaseModel.php(618): CodeIgniter\Model->doFindAll(0, 0)
 5 APPPATH\Models\RoomModel.php(15): CodeIgniter\BaseModel->findAll()
 6 APPPATH\Controllers\RoomController.php(13): App\Models\RoomModel->getRooms()
 7 SYSTEMPATH\CodeIgniter.php(932): App\Controllers\RoomController->index()
 8 SYSTEMPATH\CodeIgniter.php(497): CodeIgniter\CodeIgniter->runController(Object(App\Controllers\RoomController))
 9 SYSTEMPATH\CodeIgniter.php(366): CodeIgniter\CodeIgniter->handleRequest(null, Object(Config\Cache), false)
10 FCPATH\index.php(67): CodeIgniter\CodeIgniter->run()
11 SYSTEMPATH\Commands\Server\rewrite.php(47): require_once('C:\\Users\\ASUS\\Documents\\KULIAH\\SEMESTER 4\\pwl\\code\\fp\\public\\index.php')
INFO - 2023-07-01 05:09:50 --> Session: Class initialized using 'CodeIgniter\Session\Handlers\FileHandler' driver.
INFO - 2023-07-01 05:11:23 --> Session: Class initialized using 'CodeIgniter\Session\Handlers\FileHandler' driver.
INFO - 2023-07-01 05:11:37 --> Session: Class initialized using 'CodeIgniter\Session\Handlers\FileHandler' driver.
INFO - 2023-07-01 05:13:47 --> Session: Class initialized using 'CodeIgniter\Session\Handlers\FileHandler' driver.
INFO - 2023-07-01 05:13:57 --> Session: Class initialized using 'CodeIgniter\Session\Handlers\FileHandler' driver.
INFO - 2023-07-01 05:14:35 --> Session: Class initialized using 'CodeIgniter\Session\Handlers\FileHandler' driver.
INFO - 2023-07-01 05:14:37 --> Session: Class initialized using 'CodeIgniter\Session\Handlers\FileHandler' driver.
INFO - 2023-07-01 05:15:18 --> Session: Class initialized using 'CodeIgniter\Session\Handlers\FileHandler' driver.
INFO - 2023-07-01 05:15:29 --> Session: Class initialized using 'CodeIgniter\Session\Handlers\FileHandler' driver.
INFO - 2023-07-01 05:16:57 --> Session: Class initialized using 'CodeIgniter\Session\Handlers\FileHandler' driver.
INFO - 2023-07-01 05:18:37 --> Session: Class initialized using 'CodeIgniter\Session\Handlers\FileHandler' driver.
INFO - 2023-07-01 05:18:44 --> Session: Class initialized using 'CodeIgniter\Session\Handlers\FileHandler' driver.
INFO - 2023-07-01 05:19:42 --> Session: Class initialized using 'CodeIgniter\Session\Handlers\FileHandler' driver.
INFO - 2023-07-01 05:20:07 --> Session: Class initialized using 'CodeIgniter\Session\Handlers\FileHandler' driver.
INFO - 2023-07-01 05:21:05 --> Session: Class initialized using 'CodeIgniter\Session\Handlers\FileHandler' driver.
INFO - 2023-07-01 05:21:44 --> Session: Class initialized using 'CodeIgniter\Session\Handlers\FileHandler' driver.
INFO - 2023-07-01 05:21:59 --> Session: Class initialized using 'CodeIgniter\Session\Handlers\FileHandler' driver.
INFO - 2023-07-01 05:22:34 --> Session: Class initialized using 'CodeIgniter\Session\Handlers\FileHandler' driver.
INFO - 2023-07-01 05:25:59 --> Session: Class initialized using 'CodeIgniter\Session\Handlers\FileHandler' driver.
INFO - 2023-07-01 05:30:48 --> Session: Class initialized using 'CodeIgniter\Session\Handlers\FileHandler' driver.
ERROR - 2023-07-01 12:26:40 --> Error connecting to the database: mysqli_sql_exception: No connection could be made because the target machine actively refused it in C:\Users\ASUS\Documents\KULIAH\SEMESTER 4\pwl\code\fp\system\Database\MySQLi\Connection.php:174
Stack trace:
#0 C:\Users\ASUS\Documents\KULIAH\SEMESTER 4\pwl\code\fp\system\Database\MySQLi\Connection.php(174): mysqli->real_connect('localhost', 'root', '', 'fp_pwl', 3306, '', 0)
#1 C:\Users\ASUS\Documents\KULIAH\SEMESTER 4\pwl\code\fp\system\Database\BaseConnection.php(391): CodeIgniter\Database\MySQLi\Connection->connect(false)
#2 C:\Users\ASUS\Documents\KULIAH\SEMESTER 4\pwl\code\fp\system\Database\BaseConnection.php(574): CodeIgniter\Database\BaseConnection->initialize()
#3 C:\Users\ASUS\Documents\KULIAH\SEMESTER 4\pwl\code\fp\system\Database\BaseBuilder.php(1616): CodeIgniter\Database\BaseConnection->query('SELECT *\nFROM `...', Array, false)
#4 C:\Users\ASUS\Documents\KULIAH\SEMESTER 4\pwl\code\fp\system\Model.php(241): CodeIgniter\Database\BaseBuilder->get()
#5 C:\Users\ASUS\Documents\KULIAH\SEMESTER 4\pwl\code\fp\system\BaseModel.php(618): CodeIgniter\Model->doFindAll(0, 0)
#6 C:\Users\ASUS\Documents\KULIAH\SEMESTER 4\pwl\code\fp\app\Models\RoomModel.php(15): CodeIgniter\BaseModel->findAll()
#7 C:\Users\ASUS\Documents\KULIAH\SEMESTER 4\pwl\code\fp\app\Controllers\RoomController.php(13): App\Models\RoomModel->getRooms()
#8 C:\Users\ASUS\Documents\KULIAH\SEMESTER 4\pwl\code\fp\system\CodeIgniter.php(932): App\Controllers\RoomController->index()
#9 C:\Users\ASUS\Documents\KULIAH\SEMESTER 4\pwl\code\fp\system\CodeIgniter.php(497): CodeIgniter\CodeIgniter->runController(Object(App\Controllers\RoomController))
#10 C:\Users\ASUS\Documents\KULIAH\SEMESTER 4\pwl\code\fp\system\CodeIgniter.php(366): CodeIgniter\CodeIgniter->handleRequest(NULL, Object(Config\Cache), false)
#11 C:\Users\ASUS\Documents\KULIAH\SEMESTER 4\pwl\code\fp\public\index.php(67): CodeIgniter\CodeIgniter->run()
#12 C:\Users\ASUS\Documents\KULIAH\SEMESTER 4\pwl\code\fp\system\Commands\Server\rewrite.php(47): require_once('C:\\Users\\ASUS\\D...')
#13 {main}

Next CodeIgniter\Database\Exceptions\DatabaseException: No connection could be made because the target machine actively refused it in C:\Users\ASUS\Documents\KULIAH\SEMESTER 4\pwl\code\fp\system\Database\MySQLi\Connection.php:218
Stack trace:
#0 C:\Users\ASUS\Documents\KULIAH\SEMESTER 4\pwl\code\fp\system\Database\BaseConnection.php(391): CodeIgniter\Database\MySQLi\Connection->connect(false)
#1 C:\Users\ASUS\Documents\KULIAH\SEMESTER 4\pwl\code\fp\system\Database\BaseConnection.php(574): CodeIgniter\Database\BaseConnection->initialize()
#2 C:\Users\ASUS\Documents\KULIAH\SEMESTER 4\pwl\code\fp\system\Database\BaseBuilder.php(1616): CodeIgniter\Database\BaseConnection->query('SELECT *\nFROM `...', Array, false)
#3 C:\Users\ASUS\Documents\KULIAH\SEMESTER 4\pwl\code\fp\system\Model.php(241): CodeIgniter\Database\BaseBuilder->get()
#4 C:\Users\ASUS\Documents\KULIAH\SEMESTER 4\pwl\code\fp\system\BaseModel.php(618): CodeIgniter\Model->doFindAll(0, 0)
#5 C:\Users\ASUS\Documents\KULIAH\SEMESTER 4\pwl\code\fp\app\Models\RoomModel.php(15): CodeIgniter\BaseModel->findAll()
#6 C:\Users\ASUS\Documents\KULIAH\SEMESTER 4\pwl\code\fp\app\Controllers\RoomController.php(13): App\Models\RoomModel->getRooms()
#7 C:\Users\ASUS\Documents\KULIAH\SEMESTER 4\pwl\code\fp\system\CodeIgniter.php(932): App\Controllers\RoomController->index()
#8 C:\Users\ASUS\Documents\KULIAH\SEMESTER 4\pwl\code\fp\system\CodeIgniter.php(497): CodeIgniter\CodeIgniter->runController(Object(App\Controllers\RoomController))
#9 C:\Users\ASUS\Documents\KULIAH\SEMESTER 4\pwl\code\fp\system\CodeIgniter.php(366): CodeIgniter\CodeIgniter->handleRequest(NULL, Object(Config\Cache), false)
#10 C:\Users\ASUS\Documents\KULIAH\SEMESTER 4\pwl\code\fp\public\index.php(67): CodeIgniter\CodeIgniter->run()
#11 C:\Users\ASUS\Documents\KULIAH\SEMESTER 4\pwl\code\fp\system\Commands\Server\rewrite.php(47): require_once('C:\\Users\\ASUS\\D...')
#12 {main}
CRITICAL - 2023-07-01 12:26:40 --> Unable to connect to the database.
Main connection [MySQLi]: No connection could be made because the target machine actively refused it
in SYSTEMPATH\Database\BaseConnection.php on line 427.
 1 SYSTEMPATH\Database\BaseConnection.php(574): CodeIgniter\Database\BaseConnection->initialize()
 2 SYSTEMPATH\Database\BaseBuilder.php(1616): CodeIgniter\Database\BaseConnection->query('SELECT *
FROM `rooms`', [], false)
 3 SYSTEMPATH\Model.php(241): CodeIgniter\Database\BaseBuilder->get()
 4 SYSTEMPATH\BaseModel.php(618): CodeIgniter\Model->doFindAll(0, 0)
 5 APPPATH\Models\RoomModel.php(15): CodeIgniter\BaseModel->findAll()
 6 APPPATH\Controllers\RoomController.php(13): App\Models\RoomModel->getRooms()
 7 SYSTEMPATH\CodeIgniter.php(932): App\Controllers\RoomController->index()
 8 SYSTEMPATH\CodeIgniter.php(497): CodeIgniter\CodeIgniter->runController(Object(App\Controllers\RoomController))
 9 SYSTEMPATH\CodeIgniter.php(366): CodeIgniter\CodeIgniter->handleRequest(null, Object(Config\Cache), false)
10 FCPATH\index.php(67): CodeIgniter\CodeIgniter->run()
11 SYSTEMPATH\Commands\Server\rewrite.php(47): require_once('C:\\Users\\ASUS\\Documents\\KULIAH\\SEMESTER 4\\pwl\\code\\fp\\public\\index.php')
ERROR - 2023-07-01 12:26:45 --> Error connecting to the database: mysqli_sql_exception: No connection could be made because the target machine actively refused it in C:\Users\ASUS\Documents\KULIAH\SEMESTER 4\pwl\code\fp\system\Database\MySQLi\Connection.php:174
Stack trace:
#0 C:\Users\ASUS\Documents\KULIAH\SEMESTER 4\pwl\code\fp\system\Database\MySQLi\Connection.php(174): mysqli->real_connect('localhost', 'root', '', 'fp_pwl', 3306, '', 0)
#1 C:\Users\ASUS\Documents\KULIAH\SEMESTER 4\pwl\code\fp\system\Database\BaseConnection.php(391): CodeIgniter\Database\MySQLi\Connection->connect(false)
#2 C:\Users\ASUS\Documents\KULIAH\SEMESTER 4\pwl\code\fp\system\Database\BaseConnection.php(574): CodeIgniter\Database\BaseConnection->initialize()
#3 C:\Users\ASUS\Documents\KULIAH\SEMESTER 4\pwl\code\fp\system\Database\BaseBuilder.php(1616): CodeIgniter\Database\BaseConnection->query('SELECT *\nFROM `...', Array, false)
#4 C:\Users\ASUS\Documents\KULIAH\SEMESTER 4\pwl\code\fp\system\Model.php(241): CodeIgniter\Database\BaseBuilder->get()
#5 C:\Users\ASUS\Documents\KULIAH\SEMESTER 4\pwl\code\fp\system\BaseModel.php(618): CodeIgniter\Model->doFindAll(0, 0)
#6 C:\Users\ASUS\Documents\KULIAH\SEMESTER 4\pwl\code\fp\app\Models\RoomModel.php(15): CodeIgniter\BaseModel->findAll()
#7 C:\Users\ASUS\Documents\KULIAH\SEMESTER 4\pwl\code\fp\app\Controllers\RoomController.php(13): App\Models\RoomModel->getRooms()
#8 C:\Users\ASUS\Documents\KULIAH\SEMESTER 4\pwl\code\fp\system\CodeIgniter.php(932): App\Controllers\RoomController->index()
#9 C:\Users\ASUS\Documents\KULIAH\SEMESTER 4\pwl\code\fp\system\CodeIgniter.php(497): CodeIgniter\CodeIgniter->runController(Object(App\Controllers\RoomController))
#10 C:\Users\ASUS\Documents\KULIAH\SEMESTER 4\pwl\code\fp\system\CodeIgniter.php(366): CodeIgniter\CodeIgniter->handleRequest(NULL, Object(Config\Cache), false)
#11 C:\Users\ASUS\Documents\KULIAH\SEMESTER 4\pwl\code\fp\public\index.php(67): CodeIgniter\CodeIgniter->run()
#12 C:\Users\ASUS\Documents\KULIAH\SEMESTER 4\pwl\code\fp\system\Commands\Server\rewrite.php(47): require_once('C:\\Users\\ASUS\\D...')
#13 {main}

Next CodeIgniter\Database\Exceptions\DatabaseException: No connection could be made because the target machine actively refused it in C:\Users\ASUS\Documents\KULIAH\SEMESTER 4\pwl\code\fp\system\Database\MySQLi\Connection.php:218
Stack trace:
#0 C:\Users\ASUS\Documents\KULIAH\SEMESTER 4\pwl\code\fp\system\Database\BaseConnection.php(391): CodeIgniter\Database\MySQLi\Connection->connect(false)
#1 C:\Users\ASUS\Documents\KULIAH\SEMESTER 4\pwl\code\fp\system\Database\BaseConnection.php(574): CodeIgniter\Database\BaseConnection->initialize()
#2 C:\Users\ASUS\Documents\KULIAH\SEMESTER 4\pwl\code\fp\system\Database\BaseBuilder.php(1616): CodeIgniter\Database\BaseConnection->query('SELECT *\nFROM `...', Array, false)
#3 C:\Users\ASUS\Documents\KULIAH\SEMESTER 4\pwl\code\fp\system\Model.php(241): CodeIgniter\Database\BaseBuilder->get()
#4 C:\Users\ASUS\Documents\KULIAH\SEMESTER 4\pwl\code\fp\system\BaseModel.php(618): CodeIgniter\Model->doFindAll(0, 0)
#5 C:\Users\ASUS\Documents\KULIAH\SEMESTER 4\pwl\code\fp\app\Models\RoomModel.php(15): CodeIgniter\BaseModel->findAll()
#6 C:\Users\ASUS\Documents\KULIAH\SEMESTER 4\pwl\code\fp\app\Controllers\RoomController.php(13): App\Models\RoomModel->getRooms()
#7 C:\Users\ASUS\Documents\KULIAH\SEMESTER 4\pwl\code\fp\system\CodeIgniter.php(932): App\Controllers\RoomController->index()
#8 C:\Users\ASUS\Documents\KULIAH\SEMESTER 4\pwl\code\fp\system\CodeIgniter.php(497): CodeIgniter\CodeIgniter->runController(Object(App\Controllers\RoomController))
#9 C:\Users\ASUS\Documents\KULIAH\SEMESTER 4\pwl\code\fp\system\CodeIgniter.php(366): CodeIgniter\CodeIgniter->handleRequest(NULL, Object(Config\Cache), false)
#10 C:\Users\ASUS\Documents\KULIAH\SEMESTER 4\pwl\code\fp\public\index.php(67): CodeIgniter\CodeIgniter->run()
#11 C:\Users\ASUS\Documents\KULIAH\SEMESTER 4\pwl\code\fp\system\Commands\Server\rewrite.php(47): require_once('C:\\Users\\ASUS\\D...')
#12 {main}
CRITICAL - 2023-07-01 12:26:45 --> Unable to connect to the database.
Main connection [MySQLi]: No connection could be made because the target machine actively refused it
in SYSTEMPATH\Database\BaseConnection.php on line 427.
 1 SYSTEMPATH\Database\BaseConnection.php(574): CodeIgniter\Database\BaseConnection->initialize()
 2 SYSTEMPATH\Database\BaseBuilder.php(1616): CodeIgniter\Database\BaseConnection->query('SELECT *
FROM `rooms`', [], false)
 3 SYSTEMPATH\Model.php(241): CodeIgniter\Database\BaseBuilder->get()
 4 SYSTEMPATH\BaseModel.php(618): CodeIgniter\Model->doFindAll(0, 0)
 5 APPPATH\Models\RoomModel.php(15): CodeIgniter\BaseModel->findAll()
 6 APPPATH\Controllers\RoomController.php(13): App\Models\RoomModel->getRooms()
 7 SYSTEMPATH\CodeIgniter.php(932): App\Controllers\RoomController->index()
 8 SYSTEMPATH\CodeIgniter.php(497): CodeIgniter\CodeIgniter->runController(Object(App\Controllers\RoomController))
 9 SYSTEMPATH\CodeIgniter.php(366): CodeIgniter\CodeIgniter->handleRequest(null, Object(Config\Cache), false)
10 FCPATH\index.php(67): CodeIgniter\CodeIgniter->run()
11 SYSTEMPATH\Commands\Server\rewrite.php(47): require_once('C:\\Users\\ASUS\\Documents\\KULIAH\\SEMESTER 4\\pwl\\code\\fp\\public\\index.php')
INFO - 2023-07-01 12:34:13 --> Session: Class initialized using 'CodeIgniter\Session\Handlers\FileHandler' driver.
INFO - 2023-07-01 13:23:37 --> Session: Class initialized using 'CodeIgniter\Session\Handlers\FileHandler' driver.
INFO - 2023-07-01 13:23:37 --> Session: Class initialized using 'CodeIgniter\Session\Handlers\FileHandler' driver.
INFO - 2023-07-01 13:23:46 --> Session: Class initialized using 'CodeIgniter\Session\Handlers\FileHandler' driver.
INFO - 2023-07-01 13:24:10 --> Session: Class initialized using 'CodeIgniter\Session\Handlers\FileHandler' driver.
INFO - 2023-07-01 13:24:10 --> Session: Class initialized using 'CodeIgniter\Session\Handlers\FileHandler' driver.
INFO - 2023-07-01 13:26:09 --> Session: Class initialized using 'CodeIgniter\Session\Handlers\FileHandler' driver.
INFO - 2023-07-01 13:26:32 --> Session: Class initialized using 'CodeIgniter\Session\Handlers\FileHandler' driver.
INFO - 2023-07-01 13:26:32 --> Session: Class initialized using 'CodeIgniter\Session\Handlers\FileHandler' driver.
INFO - 2023-07-01 13:35:14 --> Session: Class initialized using 'CodeIgniter\Session\Handlers\FileHandler' driver.
INFO - 2023-07-01 13:35:39 --> Session: Class initialized using 'CodeIgniter\Session\Handlers\FileHandler' driver.
INFO - 2023-07-01 13:35:39 --> Session: Class initialized using 'CodeIgniter\Session\Handlers\FileHandler' driver.
INFO - 2023-07-01 13:43:23 --> Session: Class initialized using 'CodeIgniter\Session\Handlers\FileHandler' driver.
INFO - 2023-07-01 13:43:23 --> Session: Class initialized using 'CodeIgniter\Session\Handlers\FileHandler' driver.
INFO - 2023-07-01 13:43:23 --> Session: Class initialized using 'CodeIgniter\Session\Handlers\FileHandler' driver.
INFO - 2023-07-01 13:43:29 --> Session: Class initialized using 'CodeIgniter\Session\Handlers\FileHandler' driver.
INFO - 2023-07-01 13:43:44 --> Session: Class initialized using 'CodeIgniter\Session\Handlers\FileHandler' driver.
INFO - 2023-07-01 13:43:45 --> Session: Class initialized using 'CodeIgniter\Session\Handlers\FileHandler' driver.
INFO - 2023-07-01 15:20:47 --> Session: Class initialized using 'CodeIgniter\Session\Handlers\FileHandler' driver.
INFO - 2023-07-01 15:21:13 --> Session: Class initialized using 'CodeIgniter\Session\Handlers\FileHandler' driver.
INFO - 2023-07-01 15:21:13 --> Session: Class initialized using 'CodeIgniter\Session\Handlers\FileHandler' driver.
INFO - 2023-07-01 15:29:46 --> Session: Class initialized using 'CodeIgniter\Session\Handlers\FileHandler' driver.
INFO - 2023-07-01 15:29:51 --> Session: Class initialized using 'CodeIgniter\Session\Handlers\FileHandler' driver.
INFO - 2023-07-01 15:30:08 --> Session: Class initialized using 'CodeIgniter\Session\Handlers\FileHandler' driver.
ERROR - 2023-07-01 15:30:08 --> mysqli_sql_exception: Cannot add or update a child row: a foreign key constraint fails (`fp_pwl`.`booking`, CONSTRAINT `booking_ibfk_1` FOREIGN KEY (`room_id`) REFERENCES `rooms` (`id`) ON DELETE CASCADE ON UPDATE CASCADE) in C:\Users\ASUS\Documents\KULIAH\SEMESTER 4\pwl\code\fp\system\Database\MySQLi\Connection.php:295
Stack trace:
#0 C:\Users\ASUS\Documents\KULIAH\SEMESTER 4\pwl\code\fp\system\Database\MySQLi\Connection.php(295): mysqli->query('INSERT INTO `bo...', 0)
#1 C:\Users\ASUS\Documents\KULIAH\SEMESTER 4\pwl\code\fp\system\Database\BaseConnection.php(692): CodeIgniter\Database\MySQLi\Connection->execute('INSERT INTO `bo...')
#2 C:\Users\ASUS\Documents\KULIAH\SEMESTER 4\pwl\code\fp\system\Database\BaseConnection.php(606): CodeIgniter\Database\BaseConnection->simpleQuery('INSERT INTO `bo...')
#3 C:\Users\ASUS\Documents\KULIAH\SEMESTER 4\pwl\code\fp\system\Database\BaseBuilder.php(2309): CodeIgniter\Database\BaseConnection->query('INSERT INTO `bo...', Array, false)
#4 C:\Users\ASUS\Documents\KULIAH\SEMESTER 4\pwl\code\fp\system\Model.php(330): CodeIgniter\Database\BaseBuilder->insert()
#5 C:\Users\ASUS\Documents\KULIAH\SEMESTER 4\pwl\code\fp\system\BaseModel.php(782): CodeIgniter\Model->doInsert(Array)
#6 C:\Users\ASUS\Documents\KULIAH\SEMESTER 4\pwl\code\fp\system\Model.php(730): CodeIgniter\BaseModel->insert(Array, true)
#7 C:\Users\ASUS\Documents\KULIAH\SEMESTER 4\pwl\code\fp\app\Controllers\BookingController.php(44): CodeIgniter\Model->insert(Array)
#8 C:\Users\ASUS\Documents\KULIAH\SEMESTER 4\pwl\code\fp\system\CodeIgniter.php(932): App\Controllers\BookingController->register()
#9 C:\Users\ASUS\Documents\KULIAH\SEMESTER 4\pwl\code\fp\system\CodeIgniter.php(497): CodeIgniter\CodeIgniter->runController(Object(App\Controllers\BookingController))
#10 C:\Users\ASUS\Documents\KULIAH\SEMESTER 4\pwl\code\fp\system\CodeIgniter.php(366): CodeIgniter\CodeIgniter->handleRequest(NULL, Object(Config\Cache), false)
#11 C:\Users\ASUS\Documents\KULIAH\SEMESTER 4\pwl\code\fp\public\index.php(67): CodeIgniter\CodeIgniter->run()
#12 C:\Users\ASUS\Documents\KULIAH\SEMESTER 4\pwl\code\fp\system\Commands\Server\rewrite.php(47): require_once('C:\\Users\\ASUS\\D...')
#13 {main}
CRITICAL - 2023-07-01 15:30:08 --> Cannot add or update a child row: a foreign key constraint fails (`fp_pwl`.`booking`, CONSTRAINT `booking_ibfk_1` FOREIGN KEY (`room_id`) REFERENCES `rooms` (`id`) ON DELETE CASCADE ON UPDATE CASCADE)
in SYSTEMPATH\Database\MySQLi\Connection.php on line 295.
 1 SYSTEMPATH\Database\MySQLi\Connection.php(295): mysqli->query('INSERT INTO `booking` (`user_id`, `date_request`, `start_time`, `end_time`, `tujuan`, `status`) VALUES (\'12\', \'2023-07-02\', \'23:29\', \'12:30\', \'ajwdvjahdkajw\', \'pending\')', 0)
 2 SYSTEMPATH\Database\BaseConnection.php(692): CodeIgniter\Database\MySQLi\Connection->execute('INSERT INTO `booking` (`user_id`, `date_request`, `start_time`, `end_time`, `tujuan`, `status`) VALUES (\'12\', \'2023-07-02\', \'23:29\', \'12:30\', \'ajwdvjahdkajw\', \'pending\')')
 3 SYSTEMPATH\Database\BaseConnection.php(606): CodeIgniter\Database\BaseConnection->simpleQuery('INSERT INTO `booking` (`user_id`, `date_request`, `start_time`, `end_time`, `tujuan`, `status`) VALUES (\'12\', \'2023-07-02\', \'23:29\', \'12:30\', \'ajwdvjahdkajw\', \'pending\')')
 4 SYSTEMPATH\Database\BaseBuilder.php(2309): CodeIgniter\Database\BaseConnection->query('INSERT INTO `booking` (`user_id`, `date_request`, `start_time`, `end_time`, `tujuan`, `status`) VALUES (:user_id:, :date_request:, :start_time:, :end_time:, :tujuan:, :status:)', [...], false)
 5 SYSTEMPATH\Model.php(330): CodeIgniter\Database\BaseBuilder->insert()
 6 SYSTEMPATH\BaseModel.php(782): CodeIgniter\Model->doInsert([...])
 7 SYSTEMPATH\Model.php(730): CodeIgniter\BaseModel->insert([...], true)
 8 APPPATH\Controllers\BookingController.php(44): CodeIgniter\Model->insert([...])
 9 SYSTEMPATH\CodeIgniter.php(932): App\Controllers\BookingController->register()
10 SYSTEMPATH\CodeIgniter.php(497): CodeIgniter\CodeIgniter->runController(Object(App\Controllers\BookingController))
11 SYSTEMPATH\CodeIgniter.php(366): CodeIgniter\CodeIgniter->handleRequest(null, Object(Config\Cache), false)
12 FCPATH\index.php(67): CodeIgniter\CodeIgniter->run()
13 SYSTEMPATH\Commands\Server\rewrite.php(47): require_once('C:\\Users\\ASUS\\Documents\\KULIAH\\SEMESTER 4\\pwl\\code\\fp\\public\\index.php')
INFO - 2023-07-01 15:35:08 --> Session: Class initialized using 'CodeIgniter\Session\Handlers\FileHandler' driver.
ERROR - 2023-07-01 15:35:08 --> mysqli_sql_exception: Cannot add or update a child row: a foreign key constraint fails (`fp_pwl`.`booking`, CONSTRAINT `booking_ibfk_1` FOREIGN KEY (`room_id`) REFERENCES `rooms` (`id`) ON DELETE CASCADE ON UPDATE CASCADE) in C:\Users\ASUS\Documents\KULIAH\SEMESTER 4\pwl\code\fp\system\Database\MySQLi\Connection.php:295
Stack trace:
#0 C:\Users\ASUS\Documents\KULIAH\SEMESTER 4\pwl\code\fp\system\Database\MySQLi\Connection.php(295): mysqli->query('INSERT INTO `bo...', 0)
#1 C:\Users\ASUS\Documents\KULIAH\SEMESTER 4\pwl\code\fp\system\Database\BaseConnection.php(692): CodeIgniter\Database\MySQLi\Connection->execute('INSERT INTO `bo...')
#2 C:\Users\ASUS\Documents\KULIAH\SEMESTER 4\pwl\code\fp\system\Database\BaseConnection.php(606): CodeIgniter\Database\BaseConnection->simpleQuery('INSERT INTO `bo...')
#3 C:\Users\ASUS\Documents\KULIAH\SEMESTER 4\pwl\code\fp\system\Database\BaseBuilder.php(2309): CodeIgniter\Database\BaseConnection->query('INSERT INTO `bo...', Array, false)
#4 C:\Users\ASUS\Documents\KULIAH\SEMESTER 4\pwl\code\fp\system\Model.php(330): CodeIgniter\Database\BaseBuilder->insert()
#5 C:\Users\ASUS\Documents\KULIAH\SEMESTER 4\pwl\code\fp\system\BaseModel.php(782): CodeIgniter\Model->doInsert(Array)
#6 C:\Users\ASUS\Documents\KULIAH\SEMESTER 4\pwl\code\fp\system\Model.php(730): CodeIgniter\BaseModel->insert(Array, true)
#7 C:\Users\ASUS\Documents\KULIAH\SEMESTER 4\pwl\code\fp\app\Controllers\BookingController.php(44): CodeIgniter\Model->insert(Array)
#8 C:\Users\ASUS\Documents\KULIAH\SEMESTER 4\pwl\code\fp\system\CodeIgniter.php(932): App\Controllers\BookingController->register()
#9 C:\Users\ASUS\Documents\KULIAH\SEMESTER 4\pwl\code\fp\system\CodeIgniter.php(497): CodeIgniter\CodeIgniter->runController(Object(App\Controllers\BookingController))
#10 C:\Users\ASUS\Documents\KULIAH\SEMESTER 4\pwl\code\fp\system\CodeIgniter.php(366): CodeIgniter\CodeIgniter->handleRequest(NULL, Object(Config\Cache), false)
#11 C:\Users\ASUS\Documents\KULIAH\SEMESTER 4\pwl\code\fp\public\index.php(67): CodeIgniter\CodeIgniter->run()
#12 C:\Users\ASUS\Documents\KULIAH\SEMESTER 4\pwl\code\fp\system\Commands\Server\rewrite.php(47): require_once('C:\\Users\\ASUS\\D...')
#13 {main}
CRITICAL - 2023-07-01 15:35:08 --> Cannot add or update a child row: a foreign key constraint fails (`fp_pwl`.`booking`, CONSTRAINT `booking_ibfk_1` FOREIGN KEY (`room_id`) REFERENCES `rooms` (`id`) ON DELETE CASCADE ON UPDATE CASCADE)
in SYSTEMPATH\Database\MySQLi\Connection.php on line 295.
 1 SYSTEMPATH\Database\MySQLi\Connection.php(295): mysqli->query('INSERT INTO `booking` (`user_id`, `date_request`, `start_time`, `end_time`, `tujuan`, `status`) VALUES (\'12\', \'2023-07-03\', \'23:35\', \'12:35\', \'jhhxjhxjab\', \'pending\')', 0)
 2 SYSTEMPATH\Database\BaseConnection.php(692): CodeIgniter\Database\MySQLi\Connection->execute('INSERT INTO `booking` (`user_id`, `date_request`, `start_time`, `end_time`, `tujuan`, `status`) VALUES (\'12\', \'2023-07-03\', \'23:35\', \'12:35\', \'jhhxjhxjab\', \'pending\')')
 3 SYSTEMPATH\Database\BaseConnection.php(606): CodeIgniter\Database\BaseConnection->simpleQuery('INSERT INTO `booking` (`user_id`, `date_request`, `start_time`, `end_time`, `tujuan`, `status`) VALUES (\'12\', \'2023-07-03\', \'23:35\', \'12:35\', \'jhhxjhxjab\', \'pending\')')
 4 SYSTEMPATH\Database\BaseBuilder.php(2309): CodeIgniter\Database\BaseConnection->query('INSERT INTO `booking` (`user_id`, `date_request`, `start_time`, `end_time`, `tujuan`, `status`) VALUES (:user_id:, :date_request:, :start_time:, :end_time:, :tujuan:, :status:)', [...], false)
 5 SYSTEMPATH\Model.php(330): CodeIgniter\Database\BaseBuilder->insert()
 6 SYSTEMPATH\BaseModel.php(782): CodeIgniter\Model->doInsert([...])
 7 SYSTEMPATH\Model.php(730): CodeIgniter\BaseModel->insert([...], true)
 8 APPPATH\Controllers\BookingController.php(44): CodeIgniter\Model->insert([...])
 9 SYSTEMPATH\CodeIgniter.php(932): App\Controllers\BookingController->register()
10 SYSTEMPATH\CodeIgniter.php(497): CodeIgniter\CodeIgniter->runController(Object(App\Controllers\BookingController))
11 SYSTEMPATH\CodeIgniter.php(366): CodeIgniter\CodeIgniter->handleRequest(null, Object(Config\Cache), false)
12 FCPATH\index.php(67): CodeIgniter\CodeIgniter->run()
13 SYSTEMPATH\Commands\Server\rewrite.php(47): require_once('C:\\Users\\ASUS\\Documents\\KULIAH\\SEMESTER 4\\pwl\\code\\fp\\public\\index.php')
INFO - 2023-07-01 15:40:16 --> Session: Class initialized using 'CodeIgniter\Session\Handlers\FileHandler' driver.
ERROR - 2023-07-01 15:40:17 --> mysqli_sql_exception: Cannot add or update a child row: a foreign key constraint fails (`fp_pwl`.`booking`, CONSTRAINT `booking_ibfk_1` FOREIGN KEY (`room_id`) REFERENCES `rooms` (`id`) ON DELETE CASCADE ON UPDATE CASCADE) in C:\Users\ASUS\Documents\KULIAH\SEMESTER 4\pwl\code\fp\system\Database\MySQLi\Connection.php:295
Stack trace:
#0 C:\Users\ASUS\Documents\KULIAH\SEMESTER 4\pwl\code\fp\system\Database\MySQLi\Connection.php(295): mysqli->query('INSERT INTO `bo...', 0)
#1 C:\Users\ASUS\Documents\KULIAH\SEMESTER 4\pwl\code\fp\system\Database\BaseConnection.php(692): CodeIgniter\Database\MySQLi\Connection->execute('INSERT INTO `bo...')
#2 C:\Users\ASUS\Documents\KULIAH\SEMESTER 4\pwl\code\fp\system\Database\BaseConnection.php(606): CodeIgniter\Database\BaseConnection->simpleQuery('INSERT INTO `bo...')
#3 C:\Users\ASUS\Documents\KULIAH\SEMESTER 4\pwl\code\fp\system\Database\BaseBuilder.php(2309): CodeIgniter\Database\BaseConnection->query('INSERT INTO `bo...', Array, false)
#4 C:\Users\ASUS\Documents\KULIAH\SEMESTER 4\pwl\code\fp\system\Model.php(330): CodeIgniter\Database\BaseBuilder->insert()
#5 C:\Users\ASUS\Documents\KULIAH\SEMESTER 4\pwl\code\fp\system\BaseModel.php(782): CodeIgniter\Model->doInsert(Array)
#6 C:\Users\ASUS\Documents\KULIAH\SEMESTER 4\pwl\code\fp\system\Model.php(730): CodeIgniter\BaseModel->insert(Array, true)
#7 C:\Users\ASUS\Documents\KULIAH\SEMESTER 4\pwl\code\fp\app\Controllers\BookingController.php(44): CodeIgniter\Model->insert(Array)
#8 C:\Users\ASUS\Documents\KULIAH\SEMESTER 4\pwl\code\fp\system\CodeIgniter.php(932): App\Controllers\BookingController->register()
#9 C:\Users\ASUS\Documents\KULIAH\SEMESTER 4\pwl\code\fp\system\CodeIgniter.php(497): CodeIgniter\CodeIgniter->runController(Object(App\Controllers\BookingController))
#10 C:\Users\ASUS\Documents\KULIAH\SEMESTER 4\pwl\code\fp\system\CodeIgniter.php(366): CodeIgniter\CodeIgniter->handleRequest(NULL, Object(Config\Cache), false)
#11 C:\Users\ASUS\Documents\KULIAH\SEMESTER 4\pwl\code\fp\public\index.php(67): CodeIgniter\CodeIgniter->run()
#12 C:\Users\ASUS\Documents\KULIAH\SEMESTER 4\pwl\code\fp\system\Commands\Server\rewrite.php(47): require_once('C:\\Users\\ASUS\\D...')
#13 {main}
CRITICAL - 2023-07-01 15:40:17 --> Cannot add or update a child row: a foreign key constraint fails (`fp_pwl`.`booking`, CONSTRAINT `booking_ibfk_1` FOREIGN KEY (`room_id`) REFERENCES `rooms` (`id`) ON DELETE CASCADE ON UPDATE CASCADE)
in SYSTEMPATH\Database\MySQLi\Connection.php on line 295.
 1 SYSTEMPATH\Database\MySQLi\Connection.php(295): mysqli->query('INSERT INTO `booking` (`user_id`, `date_request`, `start_time`, `end_time`, `tujuan`, `status`) VALUES (\'12\', \'2023-07-03\', \'23:40\', \'12:40\', \'kjbmbmb,n\\r\\n\', \'pending\')', 0)
 2 SYSTEMPATH\Database\BaseConnection.php(692): CodeIgniter\Database\MySQLi\Connection->execute('INSERT INTO `booking` (`user_id`, `date_request`, `start_time`, `end_time`, `tujuan`, `status`) VALUES (\'12\', \'2023-07-03\', \'23:40\', \'12:40\', \'kjbmbmb,n\\r\\n\', \'pending\')')
 3 SYSTEMPATH\Database\BaseConnection.php(606): CodeIgniter\Database\BaseConnection->simpleQuery('INSERT INTO `booking` (`user_id`, `date_request`, `start_time`, `end_time`, `tujuan`, `status`) VALUES (\'12\', \'2023-07-03\', \'23:40\', \'12:40\', \'kjbmbmb,n\\r\\n\', \'pending\')')
 4 SYSTEMPATH\Database\BaseBuilder.php(2309): CodeIgniter\Database\BaseConnection->query('INSERT INTO `booking` (`user_id`, `date_request`, `start_time`, `end_time`, `tujuan`, `status`) VALUES (:user_id:, :date_request:, :start_time:, :end_time:, :tujuan:, :status:)', [...], false)
 5 SYSTEMPATH\Model.php(330): CodeIgniter\Database\BaseBuilder->insert()
 6 SYSTEMPATH\BaseModel.php(782): CodeIgniter\Model->doInsert([...])
 7 SYSTEMPATH\Model.php(730): CodeIgniter\BaseModel->insert([...], true)
 8 APPPATH\Controllers\BookingController.php(44): CodeIgniter\Model->insert([...])
 9 SYSTEMPATH\CodeIgniter.php(932): App\Controllers\BookingController->register()
10 SYSTEMPATH\CodeIgniter.php(497): CodeIgniter\CodeIgniter->runController(Object(App\Controllers\BookingController))
11 SYSTEMPATH\CodeIgniter.php(366): CodeIgniter\CodeIgniter->handleRequest(null, Object(Config\Cache), false)
12 FCPATH\index.php(67): CodeIgniter\CodeIgniter->run()
13 SYSTEMPATH\Commands\Server\rewrite.php(47): require_once('C:\\Users\\ASUS\\Documents\\KULIAH\\SEMESTER 4\\pwl\\code\\fp\\public\\index.php')
INFO - 2023-07-01 15:42:54 --> Session: Class initialized using 'CodeIgniter\Session\Handlers\FileHandler' driver.
INFO - 2023-07-01 15:43:00 --> Session: Class initialized using 'CodeIgniter\Session\Handlers\FileHandler' driver.
INFO - 2023-07-01 15:43:17 --> Session: Class initialized using 'CodeIgniter\Session\Handlers\FileHandler' driver.
ERROR - 2023-07-01 15:43:17 --> mysqli_sql_exception: Cannot add or update a child row: a foreign key constraint fails (`fp_pwl`.`booking`, CONSTRAINT `booking_ibfk_1` FOREIGN KEY (`room_id`) REFERENCES `rooms` (`id`) ON DELETE CASCADE ON UPDATE CASCADE) in C:\Users\ASUS\Documents\KULIAH\SEMESTER 4\pwl\code\fp\system\Database\MySQLi\Connection.php:295
Stack trace:
#0 C:\Users\ASUS\Documents\KULIAH\SEMESTER 4\pwl\code\fp\system\Database\MySQLi\Connection.php(295): mysqli->query('INSERT INTO `bo...', 0)
#1 C:\Users\ASUS\Documents\KULIAH\SEMESTER 4\pwl\code\fp\system\Database\BaseConnection.php(692): CodeIgniter\Database\MySQLi\Connection->execute('INSERT INTO `bo...')
#2 C:\Users\ASUS\Documents\KULIAH\SEMESTER 4\pwl\code\fp\system\Database\BaseConnection.php(606): CodeIgniter\Database\BaseConnection->simpleQuery('INSERT INTO `bo...')
#3 C:\Users\ASUS\Documents\KULIAH\SEMESTER 4\pwl\code\fp\system\Database\BaseBuilder.php(2309): CodeIgniter\Database\BaseConnection->query('INSERT INTO `bo...', Array, false)
#4 C:\Users\ASUS\Documents\KULIAH\SEMESTER 4\pwl\code\fp\system\Model.php(330): CodeIgniter\Database\BaseBuilder->insert()
#5 C:\Users\ASUS\Documents\KULIAH\SEMESTER 4\pwl\code\fp\system\BaseModel.php(782): CodeIgniter\Model->doInsert(Array)
#6 C:\Users\ASUS\Documents\KULIAH\SEMESTER 4\pwl\code\fp\system\Model.php(730): CodeIgniter\BaseModel->insert(Array, true)
#7 C:\Users\ASUS\Documents\KULIAH\SEMESTER 4\pwl\code\fp\app\Controllers\BookingController.php(44): CodeIgniter\Model->insert(Array)
#8 C:\Users\ASUS\Documents\KULIAH\SEMESTER 4\pwl\code\fp\system\CodeIgniter.php(932): App\Controllers\BookingController->register()
#9 C:\Users\ASUS\Documents\KULIAH\SEMESTER 4\pwl\code\fp\system\CodeIgniter.php(497): CodeIgniter\CodeIgniter->runController(Object(App\Controllers\BookingController))
#10 C:\Users\ASUS\Documents\KULIAH\SEMESTER 4\pwl\code\fp\system\CodeIgniter.php(366): CodeIgniter\CodeIgniter->handleRequest(NULL, Object(Config\Cache), false)
#11 C:\Users\ASUS\Documents\KULIAH\SEMESTER 4\pwl\code\fp\public\index.php(67): CodeIgniter\CodeIgniter->run()
#12 C:\Users\ASUS\Documents\KULIAH\SEMESTER 4\pwl\code\fp\system\Commands\Server\rewrite.php(47): require_once('C:\\Users\\ASUS\\D...')
#13 {main}
CRITICAL - 2023-07-01 15:43:17 --> Cannot add or update a child row: a foreign key constraint fails (`fp_pwl`.`booking`, CONSTRAINT `booking_ibfk_1` FOREIGN KEY (`room_id`) REFERENCES `rooms` (`id`) ON DELETE CASCADE ON UPDATE CASCADE)
in SYSTEMPATH\Database\MySQLi\Connection.php on line 295.
 1 SYSTEMPATH\Database\MySQLi\Connection.php(295): mysqli->query('INSERT INTO `booking` (`user_id`, `date_request`, `start_time`, `end_time`, `tujuan`, `status`) VALUES (\'12\', \'2023-07-02\', \'23:43\', \'23:43\', \'amwndbawdb\', \'pending\')', 0)
 2 SYSTEMPATH\Database\BaseConnection.php(692): CodeIgniter\Database\MySQLi\Connection->execute('INSERT INTO `booking` (`user_id`, `date_request`, `start_time`, `end_time`, `tujuan`, `status`) VALUES (\'12\', \'2023-07-02\', \'23:43\', \'23:43\', \'amwndbawdb\', \'pending\')')
 3 SYSTEMPATH\Database\BaseConnection.php(606): CodeIgniter\Database\BaseConnection->simpleQuery('INSERT INTO `booking` (`user_id`, `date_request`, `start_time`, `end_time`, `tujuan`, `status`) VALUES (\'12\', \'2023-07-02\', \'23:43\', \'23:43\', \'amwndbawdb\', \'pending\')')
 4 SYSTEMPATH\Database\BaseBuilder.php(2309): CodeIgniter\Database\BaseConnection->query('INSERT INTO `booking` (`user_id`, `date_request`, `start_time`, `end_time`, `tujuan`, `status`) VALUES (:user_id:, :date_request:, :start_time:, :end_time:, :tujuan:, :status:)', [...], false)
 5 SYSTEMPATH\Model.php(330): CodeIgniter\Database\BaseBuilder->insert()
 6 SYSTEMPATH\BaseModel.php(782): CodeIgniter\Model->doInsert([...])
 7 SYSTEMPATH\Model.php(730): CodeIgniter\BaseModel->insert([...], true)
 8 APPPATH\Controllers\BookingController.php(44): CodeIgniter\Model->insert([...])
 9 SYSTEMPATH\CodeIgniter.php(932): App\Controllers\BookingController->register()
10 SYSTEMPATH\CodeIgniter.php(497): CodeIgniter\CodeIgniter->runController(Object(App\Controllers\BookingController))
11 SYSTEMPATH\CodeIgniter.php(366): CodeIgniter\CodeIgniter->handleRequest(null, Object(Config\Cache), false)
12 FCPATH\index.php(67): CodeIgniter\CodeIgniter->run()
13 SYSTEMPATH\Commands\Server\rewrite.php(47): require_once('C:\\Users\\ASUS\\Documents\\KULIAH\\SEMESTER 4\\pwl\\code\\fp\\public\\index.php')
